This is pdfTeX, Version 3.14159265-2.6-1.40.18 (TeX Live 2017/MacPorts 2017_2) (preloaded format=pdflatex 2018.3.21)  27 JAN 2019 09:52
entering extended mode
 restricted \write18 enabled.
 %&-line parsing enabled.
**draft_1.tex
(./draft_1.tex
LaTeX2e <2017-04-15>
Babel <3.10> and hyphenation patterns for 46 language(s) loaded.
(/opt/local/share/texmf-texlive/tex/latex/base/report.cls
Document Class: report 2014/09/29 v1.4h Standard LaTeX document class
(/opt/local/share/texmf-texlive/tex/latex/base/fleqn.clo
File: fleqn.clo 2016/12/29 v1.2a Standard LaTeX option (flush left equations)
\mathindent=\dimen102
Applying: [2015/01/01] Make \[ robust on input line 50.
LaTeX Info: Redefining \[ on input line 51.
Already applied: [0000/00/00] Make \[ robust on input line 62.
Applying: [2015/01/01] Make \] robust on input line 74.
LaTeX Info: Redefining \] on input line 75.
Already applied: [0000/00/00] Make \] robust on input line 83.
)
(/opt/local/share/texmf-texlive/tex/latex/base/size11.clo
File: size11.clo 2014/09/29 v1.4h Standard LaTeX file (size option)
)
\c@part=\count79
\c@chapter=\count80
\c@section=\count81
\c@subsection=\count82
\c@subsubsection=\count83
\c@paragraph=\count84
\c@subparagraph=\count85
\c@figure=\count86
\c@table=\count87
\abovecaptionskip=\skip41
\belowcaptionskip=\skip42
\bibindent=\dimen103
)
(/opt/local/share/texmf-texlive/tex/latex/comment/comment.sty
\CommentStream=\write3

Excluding comment 'comment')
(/opt/local/share/texmf-texlive/tex/latex/lipsum/lipsum.sty
Package: lipsum 2014/07/27 v1.3 150 paragraphs of Lorem Ipsum dummy text
\c@lips@count=\count88
)
(/opt/local/share/texmf-texlive/tex/latex/preprint/fullpage.sty
Package: fullpage 1999/02/23 1.1 (PWD)
\FP@margin=\skip43
)
(/opt/local/share/texmf-texlive/tex/latex/graphics/graphicx.sty
Package: graphicx 2014/10/28 v1.0g Enhanced LaTeX Graphics (DPC,SPQR)

(/opt/local/share/texmf-texlive/tex/latex/graphics/keyval.sty
Package: keyval 2014/10/28 v1.15 key=value parser (DPC)
\KV@toks@=\toks14
)
(/opt/local/share/texmf-texlive/tex/latex/graphics/graphics.sty
Package: graphics 2017/04/14 v1.1b Standard LaTeX Graphics (DPC,SPQR)

(/opt/local/share/texmf-texlive/tex/latex/graphics/trig.sty
Package: trig 2016/01/03 v1.10 sin cos tan (DPC)
)
(/opt/local/share/texmf-texlive/tex/latex/graphics-cfg/graphics.cfg
File: graphics.cfg 2016/06/04 v1.11 sample graphics configuration
)
Package graphics Info: Driver file: pdftex.def on input line 99.

(/opt/local/share/texmf-texlive/tex/latex/graphics-def/pdftex.def
File: pdftex.def 2017/01/12 v0.06k Graphics/color for pdfTeX

(/opt/local/share/texmf-texlive/tex/generic/oberdiek/infwarerr.sty
Package: infwarerr 2016/05/16 v1.4 Providing info/warning/error messages (HO)
)
(/opt/local/share/texmf-texlive/tex/generic/oberdiek/ltxcmds.sty
Package: ltxcmds 2016/05/16 v1.23 LaTeX kernel commands for general use (HO)
)
\Gread@gobject=\count89
))
\Gin@req@height=\dimen104
\Gin@req@width=\dimen105
)
(/opt/local/share/texmf-texlive/tex/latex/amsmath/amsmath.sty
Package: amsmath 2016/11/05 v2.16a AMS math features
\@mathmargin=\skip44

For additional information on amsmath, use the `?' option.
(/opt/local/share/texmf-texlive/tex/latex/amsmath/amstext.sty
Package: amstext 2000/06/29 v2.01 AMS text

(/opt/local/share/texmf-texlive/tex/latex/amsmath/amsgen.sty
File: amsgen.sty 1999/11/30 v2.0 generic functions
\@emptytoks=\toks15
\ex@=\dimen106
))
(/opt/local/share/texmf-texlive/tex/latex/amsmath/amsbsy.sty
Package: amsbsy 1999/11/29 v1.2d Bold Symbols
\pmbraise@=\dimen107
)
(/opt/local/share/texmf-texlive/tex/latex/amsmath/amsopn.sty
Package: amsopn 2016/03/08 v2.02 operator names
)
\inf@bad=\count90
LaTeX Info: Redefining \frac on input line 213.
\uproot@=\count91
\leftroot@=\count92
LaTeX Info: Redefining \overline on input line 375.
\classnum@=\count93
\DOTSCASE@=\count94
LaTeX Info: Redefining \ldots on input line 472.
LaTeX Info: Redefining \dots on input line 475.
LaTeX Info: Redefining \cdots on input line 596.
\Mathstrutbox@=\box26
\strutbox@=\box27
\big@size=\dimen108
LaTeX Font Info:    Redeclaring font encoding OML on input line 712.
LaTeX Font Info:    Redeclaring font encoding OMS on input line 713.
\macc@depth=\count95
\c@MaxMatrixCols=\count96
\dotsspace@=\muskip10
\c@parentequation=\count97
\dspbrk@lvl=\count98
\tag@help=\toks16
\row@=\count99
\column@=\count100
\maxfields@=\count101
\andhelp@=\toks17
\eqnshift@=\dimen109
\alignsep@=\dimen110
\tagshift@=\dimen111
\tagwidth@=\dimen112
\totwidth@=\dimen113
\lineht@=\dimen114
\@envbody=\toks18
\multlinegap=\skip45
\multlinetaggap=\skip46
\mathdisplay@stack=\toks19
LaTeX Info: Redefining \[ on input line 2817.
LaTeX Info: Redefining \] on input line 2818.
)
(/opt/local/share/texmf-texlive/tex/latex/amsfonts/amssymb.sty
Package: amssymb 2013/01/14 v3.01 AMS font symbols

(/opt/local/share/texmf-texlive/tex/latex/amsfonts/amsfonts.sty
Package: amsfonts 2013/01/14 v3.01 Basic AMSFonts support
\symAMSa=\mathgroup4
\symAMSb=\mathgroup5
LaTeX Font Info:    Overwriting math alphabet `\mathfrak' in version `bold'
(Font)                  U/euf/m/n --> U/euf/b/n on input line 106.
))
(/opt/local/share/texmf-texlive/tex/latex/amscls/amsthm.sty
Package: amsthm 2015/03/04 v2.20.2
\thm@style=\toks20
\thm@bodyfont=\toks21
\thm@headfont=\toks22
\thm@notefont=\toks23
\thm@headpunct=\toks24
\thm@preskip=\skip47
\thm@postskip=\skip48
\thm@headsep=\skip49
\dth@everypar=\toks25
)
(/opt/local/share/texmf-texlive/tex/latex/framed/framed.sty
Package: framed 2011/10/22 v 0.96: framed or shaded text with page breaks
\OuterFrameSep=\skip50
\fb@frw=\dimen115
\fb@frh=\dimen116
\FrameRule=\dimen117
\FrameSep=\dimen118
)
(/opt/local/share/texmf/tex/latex/pgf/frontendlayer/tikz.sty
(/opt/local/share/texmf/tex/latex/pgf/basiclayer/pgf.sty
(/opt/local/share/texmf/tex/latex/pgf/utilities/pgfrcs.sty
(/opt/local/share/texmf/tex/generic/pgf/utilities/pgfutil-common.tex
\pgfutil@everybye=\toks26
\pgfutil@tempdima=\dimen119
\pgfutil@tempdimb=\dimen120

(/opt/local/share/texmf/tex/generic/pgf/utilities/pgfutil-common-lists.tex))
(/opt/local/share/texmf/tex/generic/pgf/utilities/pgfutil-latex.def
\pgfutil@abb=\box28

(/opt/local/share/texmf-texlive/tex/latex/ms/everyshi.sty
Package: everyshi 2001/05/15 v3.00 EveryShipout Package (MS)
))
(/opt/local/share/texmf/tex/generic/pgf/utilities/pgfrcs.code.tex
Package: pgfrcs 2015/08/07 v3.0.1 (rcs-revision 1.31)
))
Package: pgf 2015/08/07 v3.0.1 (rcs-revision 1.15)

(/opt/local/share/texmf/tex/latex/pgf/basiclayer/pgfcore.sty
(/opt/local/share/texmf/tex/latex/pgf/systemlayer/pgfsys.sty
(/opt/local/share/texmf/tex/generic/pgf/systemlayer/pgfsys.code.tex
Package: pgfsys 2014/07/09 v3.0.1 (rcs-revision 1.48)

(/opt/local/share/texmf/tex/generic/pgf/utilities/pgfkeys.code.tex
\pgfkeys@pathtoks=\toks27
\pgfkeys@temptoks=\toks28

(/opt/local/share/texmf/tex/generic/pgf/utilities/pgfkeysfiltered.code.tex
\pgfkeys@tmptoks=\toks29
))
\pgf@x=\dimen121
\pgf@y=\dimen122
\pgf@xa=\dimen123
\pgf@ya=\dimen124
\pgf@xb=\dimen125
\pgf@yb=\dimen126
\pgf@xc=\dimen127
\pgf@yc=\dimen128
\w@pgf@writea=\write4
\r@pgf@reada=\read1
\c@pgf@counta=\count102
\c@pgf@countb=\count103
\c@pgf@countc=\count104
\c@pgf@countd=\count105
\t@pgf@toka=\toks30
\t@pgf@tokb=\toks31
\t@pgf@tokc=\toks32

(/opt/local/share/texmf/tex/generic/pgf/systemlayer/pgf.cfg
File: pgf.cfg 2008/05/14  (rcs-revision 1.7)
)
Driver file for pgf: pgfsys-pdftex.def

(/opt/local/share/texmf/tex/generic/pgf/systemlayer/pgfsys-pdftex.def
File: pgfsys-pdftex.def 2014/10/11  (rcs-revision 1.35)

(/opt/local/share/texmf/tex/generic/pgf/systemlayer/pgfsys-common-pdf.def
File: pgfsys-common-pdf.def 2013/10/10  (rcs-revision 1.13)
)))
(/opt/local/share/texmf/tex/generic/pgf/systemlayer/pgfsyssoftpath.code.tex
File: pgfsyssoftpath.code.tex 2013/09/09  (rcs-revision 1.9)
\pgfsyssoftpath@smallbuffer@items=\count106
\pgfsyssoftpath@bigbuffer@items=\count107
)
(/opt/local/share/texmf/tex/generic/pgf/systemlayer/pgfsysprotocol.code.tex
File: pgfsysprotocol.code.tex 2006/10/16  (rcs-revision 1.4)
))
(/opt/local/share/texmf-texlive/tex/latex/xcolor/xcolor.sty
Package: xcolor 2016/05/11 v2.12 LaTeX color extensions (UK)

(/opt/local/share/texmf-texlive/tex/latex/graphics-cfg/color.cfg
File: color.cfg 2016/01/02 v1.6 sample color configuration
)
Package xcolor Info: Driver file: pdftex.def on input line 225.
Package xcolor Info: Model `cmy' substituted by `cmy0' on input line 1348.
Package xcolor Info: Model `hsb' substituted by `rgb' on input line 1352.
Package xcolor Info: Model `RGB' extended on input line 1364.
Package xcolor Info: Model `HTML' substituted by `rgb' on input line 1366.
Package xcolor Info: Model `Hsb' substituted by `hsb' on input line 1367.
Package xcolor Info: Model `tHsb' substituted by `hsb' on input line 1368.
Package xcolor Info: Model `HSB' substituted by `hsb' on input line 1369.
Package xcolor Info: Model `Gray' substituted by `gray' on input line 1370.
Package xcolor Info: Model `wave' substituted by `hsb' on input line 1371.
)
(/opt/local/share/texmf/tex/generic/pgf/basiclayer/pgfcore.code.tex
Package: pgfcore 2010/04/11 v3.0.1 (rcs-revision 1.7)

(/opt/local/share/texmf/tex/generic/pgf/math/pgfmath.code.tex
(/opt/local/share/texmf/tex/generic/pgf/math/pgfmathcalc.code.tex
(/opt/local/share/texmf/tex/generic/pgf/math/pgfmathutil.code.tex)
(/opt/local/share/texmf/tex/generic/pgf/math/pgfmathparser.code.tex
\pgfmath@dimen=\dimen129
\pgfmath@count=\count108
\pgfmath@box=\box29
\pgfmath@toks=\toks33
\pgfmath@stack@operand=\toks34
\pgfmath@stack@operation=\toks35
)
(/opt/local/share/texmf/tex/generic/pgf/math/pgfmathfunctions.code.tex
(/opt/local/share/texmf/tex/generic/pgf/math/pgfmathfunctions.basic.code.tex)
(/opt/local/share/texmf/tex/generic/pgf/math/pgfmathfunctions.trigonometric.cod
e.tex)
(/opt/local/share/texmf/tex/generic/pgf/math/pgfmathfunctions.random.code.tex)
(/opt/local/share/texmf/tex/generic/pgf/math/pgfmathfunctions.comparison.code.t
ex) (/opt/local/share/texmf/tex/generic/pgf/math/pgfmathfunctions.base.code.tex
) (/opt/local/share/texmf/tex/generic/pgf/math/pgfmathfunctions.round.code.tex)
(/opt/local/share/texmf/tex/generic/pgf/math/pgfmathfunctions.misc.code.tex)
(/opt/local/share/texmf/tex/generic/pgf/math/pgfmathfunctions.integerarithmetic
s.code.tex)))
(/opt/local/share/texmf/tex/generic/pgf/math/pgfmathfloat.code.tex
\c@pgfmathroundto@lastzeros=\count109
))
(/opt/local/share/texmf/tex/generic/pgf/basiclayer/pgfcorepoints.code.tex
File: pgfcorepoints.code.tex 2013/10/07  (rcs-revision 1.27)
\pgf@picminx=\dimen130
\pgf@picmaxx=\dimen131
\pgf@picminy=\dimen132
\pgf@picmaxy=\dimen133
\pgf@pathminx=\dimen134
\pgf@pathmaxx=\dimen135
\pgf@pathminy=\dimen136
\pgf@pathmaxy=\dimen137
\pgf@xx=\dimen138
\pgf@xy=\dimen139
\pgf@yx=\dimen140
\pgf@yy=\dimen141
\pgf@zx=\dimen142
\pgf@zy=\dimen143
)
(/opt/local/share/texmf/tex/generic/pgf/basiclayer/pgfcorepathconstruct.code.te
x
File: pgfcorepathconstruct.code.tex 2013/10/07  (rcs-revision 1.29)
\pgf@path@lastx=\dimen144
\pgf@path@lasty=\dimen145
) (/opt/local/share/texmf/tex/generic/pgf/basiclayer/pgfcorepathusage.code.tex
File: pgfcorepathusage.code.tex 2014/11/02  (rcs-revision 1.24)
\pgf@shorten@end@additional=\dimen146
\pgf@shorten@start@additional=\dimen147
) (/opt/local/share/texmf/tex/generic/pgf/basiclayer/pgfcorescopes.code.tex
File: pgfcorescopes.code.tex 2015/05/08  (rcs-revision 1.46)
\pgfpic=\box30
\pgf@hbox=\box31
\pgf@layerbox@main=\box32
\pgf@picture@serial@count=\count110
)
(/opt/local/share/texmf/tex/generic/pgf/basiclayer/pgfcoregraphicstate.code.tex
File: pgfcoregraphicstate.code.tex 2014/11/02  (rcs-revision 1.12)
\pgflinewidth=\dimen148
)
(/opt/local/share/texmf/tex/generic/pgf/basiclayer/pgfcoretransformations.code.
tex
File: pgfcoretransformations.code.tex 2015/08/07  (rcs-revision 1.20)
\pgf@pt@x=\dimen149
\pgf@pt@y=\dimen150
\pgf@pt@temp=\dimen151
) (/opt/local/share/texmf/tex/generic/pgf/basiclayer/pgfcorequick.code.tex
File: pgfcorequick.code.tex 2008/10/09  (rcs-revision 1.3)
)
(/opt/local/share/texmf/tex/generic/pgf/basiclayer/pgfcoreobjects.code.tex
File: pgfcoreobjects.code.tex 2006/10/11  (rcs-revision 1.2)
)
(/opt/local/share/texmf/tex/generic/pgf/basiclayer/pgfcorepathprocessing.code.t
ex
File: pgfcorepathprocessing.code.tex 2013/09/09  (rcs-revision 1.9)
) (/opt/local/share/texmf/tex/generic/pgf/basiclayer/pgfcorearrows.code.tex
File: pgfcorearrows.code.tex 2015/05/14  (rcs-revision 1.43)
\pgfarrowsep=\dimen152
)
(/opt/local/share/texmf/tex/generic/pgf/basiclayer/pgfcoreshade.code.tex
File: pgfcoreshade.code.tex 2013/07/15  (rcs-revision 1.15)
\pgf@max=\dimen153
\pgf@sys@shading@range@num=\count111
)
(/opt/local/share/texmf/tex/generic/pgf/basiclayer/pgfcoreimage.code.tex
File: pgfcoreimage.code.tex 2013/07/15  (rcs-revision 1.18)

(/opt/local/share/texmf/tex/generic/pgf/basiclayer/pgfcoreexternal.code.tex
File: pgfcoreexternal.code.tex 2014/07/09  (rcs-revision 1.21)
\pgfexternal@startupbox=\box33
))
(/opt/local/share/texmf/tex/generic/pgf/basiclayer/pgfcorelayers.code.tex
File: pgfcorelayers.code.tex 2013/07/18  (rcs-revision 1.7)
)
(/opt/local/share/texmf/tex/generic/pgf/basiclayer/pgfcoretransparency.code.tex
File: pgfcoretransparency.code.tex 2013/09/30  (rcs-revision 1.5)
) (/opt/local/share/texmf/tex/generic/pgf/basiclayer/pgfcorepatterns.code.tex
File: pgfcorepatterns.code.tex 2013/11/07  (rcs-revision 1.5)
))) (/opt/local/share/texmf/tex/generic/pgf/modules/pgfmoduleshapes.code.tex
File: pgfmoduleshapes.code.tex 2014/03/21  (rcs-revision 1.35)
\pgfnodeparttextbox=\box34
)
(/opt/local/share/texmf/tex/generic/pgf/modules/pgfmoduleplot.code.tex
File: pgfmoduleplot.code.tex 2015/08/03  (rcs-revision 1.13)
)
(/opt/local/share/texmf/tex/latex/pgf/compatibility/pgfcomp-version-0-65.sty
Package: pgfcomp-version-0-65 2007/07/03 v3.0.1 (rcs-revision 1.7)
\pgf@nodesepstart=\dimen154
\pgf@nodesepend=\dimen155
)
(/opt/local/share/texmf/tex/latex/pgf/compatibility/pgfcomp-version-1-18.sty
Package: pgfcomp-version-1-18 2007/07/23 v3.0.1 (rcs-revision 1.1)
))
(/opt/local/share/texmf/tex/latex/pgf/utilities/pgffor.sty
(/opt/local/share/texmf/tex/latex/pgf/utilities/pgfkeys.sty
(/opt/local/share/texmf/tex/generic/pgf/utilities/pgfkeys.code.tex))
(/opt/local/share/texmf/tex/latex/pgf/math/pgfmath.sty
(/opt/local/share/texmf/tex/generic/pgf/math/pgfmath.code.tex))
(/opt/local/share/texmf/tex/generic/pgf/utilities/pgffor.code.tex
Package: pgffor 2013/12/13 v3.0.1 (rcs-revision 1.25)

(/opt/local/share/texmf/tex/generic/pgf/math/pgfmath.code.tex)
\pgffor@iter=\dimen156
\pgffor@skip=\dimen157
\pgffor@stack=\toks36
\pgffor@toks=\toks37
))
(/opt/local/share/texmf/tex/generic/pgf/frontendlayer/tikz/tikz.code.tex
Package: tikz 2015/08/07 v3.0.1 (rcs-revision 1.151)

(/opt/local/share/texmf/tex/generic/pgf/libraries/pgflibraryplothandlers.code.t
ex
File: pgflibraryplothandlers.code.tex 2013/08/31 v3.0.1 (rcs-revision 1.20)
\pgf@plot@mark@count=\count112
\pgfplotmarksize=\dimen158
)
\tikz@lastx=\dimen159
\tikz@lasty=\dimen160
\tikz@lastxsaved=\dimen161
\tikz@lastysaved=\dimen162
\tikzleveldistance=\dimen163
\tikzsiblingdistance=\dimen164
\tikz@figbox=\box35
\tikz@figbox@bg=\box36
\tikz@tempbox=\box37
\tikz@tempbox@bg=\box38
\tikztreelevel=\count113
\tikznumberofchildren=\count114
\tikznumberofcurrentchild=\count115
\tikz@fig@count=\count116
 (/opt/local/share/texmf/tex/generic/pgf/modules/pgfmodulematrix.code.tex
File: pgfmodulematrix.code.tex 2013/09/17  (rcs-revision 1.8)
\pgfmatrixcurrentrow=\count117
\pgfmatrixcurrentcolumn=\count118
\pgf@matrix@numberofcolumns=\count119
)
\tikz@expandcount=\count120

(/opt/local/share/texmf/tex/generic/pgf/frontendlayer/tikz/libraries/tikzlibrar
ytopaths.code.tex
File: tikzlibrarytopaths.code.tex 2008/06/17 v3.0.1 (rcs-revision 1.2)
)))
(/opt/local/share/texmf/tex/generic/pgf/frontendlayer/tikz/libraries/tikzlibrar
yshapes.code.tex
File: tikzlibraryshapes.code.tex 2008/01/09 v3.0.1 (rcs-revision 1.1)

(/opt/local/share/texmf/tex/generic/pgf/frontendlayer/tikz/libraries/tikzlibrar
yshapes.geometric.code.tex
File: tikzlibraryshapes.geometric.code.tex 2008/01/09 v3.0.1 (rcs-revision 1.1)


(/opt/local/share/texmf/tex/generic/pgf/libraries/shapes/pgflibraryshapes.geome
tric.code.tex
File: pgflibraryshapes.geometric.code.tex 2008/06/26 v3.0.1 (rcs-revision 1.1)
))
(/opt/local/share/texmf/tex/generic/pgf/frontendlayer/tikz/libraries/tikzlibrar
yshapes.misc.code.tex
File: tikzlibraryshapes.misc.code.tex 2008/01/09 v3.0.1 (rcs-revision 1.1)

(/opt/local/share/texmf/tex/generic/pgf/libraries/shapes/pgflibraryshapes.misc.
code.tex
File: pgflibraryshapes.misc.code.tex 2013/07/18 v3.0.1 (rcs-revision 1.5)
))
(/opt/local/share/texmf/tex/generic/pgf/frontendlayer/tikz/libraries/tikzlibrar
yshapes.symbols.code.tex
File: tikzlibraryshapes.symbols.code.tex 2008/01/09 v3.0.1 (rcs-revision 1.1)

(/opt/local/share/texmf/tex/generic/pgf/libraries/shapes/pgflibraryshapes.symbo
ls.code.tex
File: pgflibraryshapes.symbols.code.tex 2013/09/11 v3.0.1 (rcs-revision 1.6)
))
(/opt/local/share/texmf/tex/generic/pgf/frontendlayer/tikz/libraries/tikzlibrar
yshapes.arrows.code.tex
File: tikzlibraryshapes.arrows.code.tex 2008/01/09 v3.0.1 (rcs-revision 1.1)

(/opt/local/share/texmf/tex/generic/pgf/libraries/shapes/pgflibraryshapes.arrow
s.code.tex
File: pgflibraryshapes.arrows.code.tex 2008/06/26 v3.0.1 (rcs-revision 1.1)
))
(/opt/local/share/texmf/tex/generic/pgf/frontendlayer/tikz/libraries/tikzlibrar
yshapes.callouts.code.tex
(/opt/local/share/texmf/tex/generic/pgf/libraries/shapes/pgflibraryshapes.callo
uts.code.tex))
(/opt/local/share/texmf/tex/generic/pgf/frontendlayer/tikz/libraries/tikzlibrar
yshapes.multipart.code.tex
File: tikzlibraryshapes.multipart.code.tex 2008/01/09 v3.0.1 (rcs-revision 1.1)


(/opt/local/share/texmf/tex/generic/pgf/libraries/shapes/pgflibraryshapes.multi
part.code.tex
File: pgflibraryshapes.multipart.code.tex 2010/01/07 v3.0.1 (rcs-revision 1.2)
\pgfnodepartlowerbox=\box39
\pgfnodeparttwobox=\box40
\pgfnodepartthreebox=\box41
\pgfnodepartfourbox=\box42
\pgfnodeparttwentybox=\box43
\pgfnodepartnineteenbox=\box44
\pgfnodeparteighteenbox=\box45
\pgfnodepartseventeenbox=\box46
\pgfnodepartsixteenbox=\box47
\pgfnodepartfifteenbox=\box48
\pgfnodepartfourteenbox=\box49
\pgfnodepartthirteenbox=\box50
\pgfnodeparttwelvebox=\box51
\pgfnodepartelevenbox=\box52
\pgfnodeparttenbox=\box53
\pgfnodepartninebox=\box54
\pgfnodeparteightbox=\box55
\pgfnodepartsevenbox=\box56
\pgfnodepartsixbox=\box57
\pgfnodepartfivebox=\box58
)))
(/opt/local/share/texmf/tex/generic/pgf/frontendlayer/tikz/libraries/tikzlibrar
ysnakes.code.tex
File: tikzlibrarysnakes.code.tex 2013/07/15 v3.0.1 (rcs-revision 1.7)


Package pgf Warning: Snakes have been superseded by decorations. Please use the
 decoration libraries instead of the snakes library on input line 14.


(/opt/local/share/texmf/tex/generic/pgf/frontendlayer/tikz/libraries/tikzlibrar
ydecorations.pathmorphing.code.tex
(/opt/local/share/texmf/tex/generic/pgf/frontendlayer/tikz/libraries/tikzlibrar
ydecorations.code.tex
(/opt/local/share/texmf/tex/generic/pgf/modules/pgfmoduledecorations.code.tex
\pgfdecoratedcompleteddistance=\dimen165
\pgfdecoratedremainingdistance=\dimen166
\pgfdecoratedinputsegmentcompleteddistance=\dimen167
\pgfdecoratedinputsegmentremainingdistance=\dimen168
\pgf@decorate@distancetomove=\dimen169
\pgf@decorate@repeatstate=\count121
\pgfdecorationsegmentamplitude=\dimen170
\pgfdecorationsegmentlength=\dimen171
)
\tikz@lib@dec@box=\box59
)
(/opt/local/share/texmf/tex/generic/pgf/libraries/decorations/pgflibrarydecorat
ions.pathmorphing.code.tex))
(/opt/local/share/texmf/tex/generic/pgf/frontendlayer/tikz/libraries/tikzlibrar
ydecorations.pathreplacing.code.tex
(/opt/local/share/texmf/tex/generic/pgf/libraries/decorations/pgflibrarydecorat
ions.pathreplacing.code.tex))
(/opt/local/share/texmf/tex/generic/pgf/frontendlayer/tikz/libraries/tikzlibrar
ydecorations.shapes.code.tex
(/opt/local/share/texmf/tex/generic/pgf/libraries/decorations/pgflibrarydecorat
ions.shapes.code.tex)))
(/opt/local/share/texmf-texlive/tex/latex/placeins/placeins.sty
Package: placeins 2005/04/18  v 2.2
)
(/opt/local/share/texmf-texlive/tex/latex/booktabs/booktabs.sty
Package: booktabs 2016/04/27 v1.618033 publication quality tables
\heavyrulewidth=\dimen172
\lightrulewidth=\dimen173
\cmidrulewidth=\dimen174
\belowrulesep=\dimen175
\belowbottomsep=\dimen176
\aboverulesep=\dimen177
\abovetopsep=\dimen178
\cmidrulesep=\dimen179
\cmidrulekern=\dimen180
\defaultaddspace=\dimen181
\@cmidla=\count122
\@cmidlb=\count123
\@aboverulesep=\dimen182
\@belowrulesep=\dimen183
\@thisruleclass=\count124
\@lastruleclass=\count125
\@thisrulewidth=\dimen184
)
(/opt/local/share/texmf-texlive/tex/latex/fancyhdr/fancyhdr.sty
Package: fancyhdr 2016/09/06 3.8 Extensive control of page headers and footers
\fancy@headwidth=\skip51
\f@ncyO@elh=\skip52
\f@ncyO@erh=\skip53
\f@ncyO@olh=\skip54
\f@ncyO@orh=\skip55
\f@ncyO@elf=\skip56
\f@ncyO@erf=\skip57
\f@ncyO@olf=\skip58
\f@ncyO@orf=\skip59
)
(/opt/local/share/texmf-texlive/tex/latex/ncctools/nccmath.sty
Package: nccmath 2005/02/21 v1.2 Additional Math Commands (NCC)
\NCC@fracrulewidth=\dimen185
)
(/opt/local/share/texmf-texlive/tex/latex/subfiles/subfiles.sty
Package: subfiles 2012/05/23 Federico Garcia

(/opt/local/share/texmf-texlive/tex/latex/tools/verbatim.sty
Package: verbatim 2014/10/28 v1.5q LaTeX2e package for verbatim enhancements
\every@verbatim=\toks38
\verbatim@line=\toks39
\verbatim@in@stream=\read2
))
(/opt/local/share/texmf-texlive/tex/latex/titlesec/titlesec.sty
Package: titlesec 2016/03/21 v2.10.2 Sectioning titles
\ttl@box=\box60
\beforetitleunit=\skip60
\aftertitleunit=\skip61
\ttl@plus=\dimen186
\ttl@minus=\dimen187
\ttl@toksa=\toks40
\titlewidth=\dimen188
\titlewidthlast=\dimen189
\titlewidthfirst=\dimen190
)
(/opt/local/share/texmf-texlive/tex/latex/tools/afterpage.sty
Package: afterpage 2014/10/28 v1.08 After-Page Package (DPC)
\AP@output=\toks41
\AP@partial=\box61
\AP@footins=\box62
)

LaTeX Warning: Unused global option(s):
    [bibliography=totoc].

(./draft_1.aux

LaTeX Warning: Label `fig:eigenvalues_H_and_it_mat' multiply defined.


LaTeX Warning: Label `fig:coeff_analysis' multiply defined.

)
\openout1 = `draft_1.aux'.

LaTeX Font Info:    Checking defaults for OML/cmm/m/it on input line 63.
LaTeX Font Info:    ... okay on input line 63.
LaTeX Font Info:    Checking defaults for T1/cmr/m/n on input line 63.
LaTeX Font Info:    ... okay on input line 63.
LaTeX Font Info:    Checking defaults for OT1/cmr/m/n on input line 63.
LaTeX Font Info:    ... okay on input line 63.
LaTeX Font Info:    Checking defaults for OMS/cmsy/m/n on input line 63.
LaTeX Font Info:    ... okay on input line 63.
LaTeX Font Info:    Checking defaults for OMX/cmex/m/n on input line 63.
LaTeX Font Info:    ... okay on input line 63.
LaTeX Font Info:    Checking defaults for U/cmr/m/n on input line 63.
LaTeX Font Info:    ... okay on input line 63.
 (/opt/local/share/texmf-texlive/tex/context/base/mkii/supp-pdf.mkii
[Loading MPS to PDF converter (version 2006.09.02).]
\scratchcounter=\count126
\scratchdimen=\dimen191
\scratchbox=\box63
\nofMPsegments=\count127
\nofMParguments=\count128
\everyMPshowfont=\toks42
\MPscratchCnt=\count129
\MPscratchDim=\dimen192
\MPnumerator=\count130
\makeMPintoPDFobject=\count131
\everyMPtoPDFconversion=\toks43
) (/opt/local/share/texmf-texlive/tex/generic/oberdiek/pdftexcmds.sty
Package: pdftexcmds 2017/03/19 v0.25 Utility functions of pdfTeX for LuaTeX (HO
)

(/opt/local/share/texmf-texlive/tex/generic/oberdiek/ifluatex.sty
Package: ifluatex 2016/05/16 v1.4 Provides the ifluatex switch (HO)
Package ifluatex Info: LuaTeX not detected.
)
(/opt/local/share/texmf-texlive/tex/generic/oberdiek/ifpdf.sty
Package: ifpdf 2017/03/15 v3.2 Provides the ifpdf switch
)
Package pdftexcmds Info: LuaTeX not detected.
Package pdftexcmds Info: \pdf@primitive is available.
Package pdftexcmds Info: \pdf@ifprimitive is available.
Package pdftexcmds Info: \pdfdraftmode found.
)
(/opt/local/share/texmf-texlive/tex/latex/oberdiek/epstopdf-base.sty
Package: epstopdf-base 2016/05/15 v2.6 Base part for package epstopdf

(/opt/local/share/texmf-texlive/tex/latex/oberdiek/grfext.sty
Package: grfext 2016/05/16 v1.2 Manage graphics extensions (HO)

(/opt/local/share/texmf-texlive/tex/generic/oberdiek/kvdefinekeys.sty
Package: kvdefinekeys 2016/05/16 v1.4 Define keys (HO)
))
(/opt/local/share/texmf-texlive/tex/latex/oberdiek/kvoptions.sty
Package: kvoptions 2016/05/16 v3.12 Key value format for package options (HO)

(/opt/local/share/texmf-texlive/tex/generic/oberdiek/kvsetkeys.sty
Package: kvsetkeys 2016/05/16 v1.17 Key value parser (HO)

(/opt/local/share/texmf-texlive/tex/generic/oberdiek/etexcmds.sty
Package: etexcmds 2016/05/16 v1.6 Avoid name clashes with e-TeX commands (HO)
Package etexcmds Info: Could not find \expanded.
(etexcmds)             That can mean that you are not using pdfTeX 1.50 or
(etexcmds)             that some package has redefined \expanded.
(etexcmds)             In the latter case, load this package earlier.
)))
Package epstopdf-base Info: Redefining graphics rule for `.eps' on input line 4
38.
Package grfext Info: Graphics extension search list:
(grfext)             [.png,.pdf,.jpg,.mps,.jpeg,.jbig2,.jb2,.PNG,.PDF,.JPG,.JPE
G,.JBIG2,.JB2,.eps]
(grfext)             \AppendGraphicsExtensions on input line 456.

(/opt/local/share/texmf-texlive/tex/latex/latexconfig/epstopdf-sys.cfg
File: epstopdf-sys.cfg 2010/07/13 v1.3 Configuration of (r)epstopdf for TeX Liv
e
))
ABD: EveryShipout initializing macros
\c@Definition=\count132
\c@Theorem=\count133
 (./titlepage.tex
LaTeX Font Info:    Try loading font information for U+msa on input line 12.

(/opt/local/share/texmf-texlive/tex/latex/amsfonts/umsa.fd
File: umsa.fd 2013/01/14 v3.01 AMS symbols A
)
LaTeX Font Info:    Try loading font information for U+msb on input line 12.

(/opt/local/share/texmf-texlive/tex/latex/amsfonts/umsb.fd
File: umsb.fd 2013/01/14 v3.01 AMS symbols B
) [1

{/opt/local/var/db/texmf/fonts/map/pdftex/updmap/pdftex.map}])
(./eigenstaendigkeitserklaerung.tex)

Package Fancyhdr Warning: \headheight is too small (0.0pt): 
 Make it at least 13.59999pt.
 We now make it that large for the rest of the document.
 This may cause the page layout to be inconsistent, however.

[2] [2

] (./draft_1.toc)
\tf@toc=\write5
\openout5 = `draft_1.toc'.

 (./chapters/prologue.tex [3] [3

]
Chapter 1.
[4] [5]) (./chapters/electrophysiology.tex [6]
Chapter 2.
<images/electrophysiology/heart_structure.png, id=40, 578.16pt x 670.505pt>
File: images/electrophysiology/heart_structure.png Graphic file (type png)

<use images/electrophysiology/heart_structure.png>
Package pdftex.def Info: images/electrophysiology/heart_structure.png used on i
nput line 12.
(pdftex.def)             Requested size: 173.44933pt x 201.15305pt.

<images/electrophysiology/conduction_system.png, id=41, 672.5125pt x 388.45125p
t>
File: images/electrophysiology/conduction_system.png Graphic file (type png)
 <use images/electrophysiology/conduction_system.png>
Package pdftex.def Info: images/electrophysiology/conduction_system.png used on
 input line 21.
(pdftex.def)             Requested size: 336.25542pt x 194.22514pt.
 [7

 <./images/electrophysiology/heart_structure.png>]
Underfull \vbox (badness 10000) has occurred while \output is active []

 [8 <./images/electrophysiology/conduction_system.png>]
<images/electrophysiology/cardiac_action_pot_franzone.png, id=50, 920.43875pt x
 584.1825pt>
File: images/electrophysiology/cardiac_action_pot_franzone.png Graphic file (ty
pe png)
 <use images/electrophysiology/cardiac_action_pot_franzone.png>
Package pdftex.def Info: images/electrophysiology/cardiac_action_pot_franzone.p
ng used on input line 33.
(pdftex.def)             Requested size: 276.13376pt x 175.25609pt.

[9 <./images/electrophysiology/cardiac_action_pot_franzone.png>] [10])
(./chapters/mathematical_ingredients.tex [11]
Chapter 3.
[12

] [13] [14] [15] [16]

LaTeX Warning: Citation `lions2001resolutionions2001resolution' on page 17 unde
fined on input line 239.

[17] [18] [19] [20]) (./chapters/problem_formulation.tex [21]
Chapter 4.
[22

] [23]
Overfull \hbox (14.25386pt too wide) detected at line 176
[][]
 []

[24] [25]
Overfull \hbox (8.01224pt too wide) in paragraph at lines 239--239
[] 
 []

[26] [27]
Overfull \hbox (7.52347pt too wide) in paragraph at lines 333--333
[] 
 []

[28]) (./chapters/multigrid_methods.tex [29] [30]
Chapter 5.
[31

] [32]
LaTeX Font Info:    Try loading font information for OMS+cmr on input line 102.

 (/opt/local/share/texmf-texlive/tex/latex/base/omscmr.fd
File: omscmr.fd 2014/09/29 v2.5h Standard LaTeX font definitions
)
LaTeX Font Info:    Font shape `OMS/cmr/m/n' in size <10.95> not available
(Font)              Font shape `OMS/cmsy/m/n' tried instead on input line 102.
 [33])
(./chapters/implementation.tex [34]
Chapter 6.

Underfull \hbox (badness 10000) in paragraph at lines 49--56

 []


Underfull \vbox (badness 3343) has occurred while \output is active []

 [35

]
Underfull \hbox (badness 10000) in paragraph at lines 140--146

 []

[36]
Underfull \hbox (badness 4752) in paragraph at lines 179--181
[][] \OT1/cmr/m/it/10.95 add cap-tion.
 []


Underfull \hbox (badness 10000) in paragraph at lines 194--197

 []


<images/implementation/sol_heat_eqn_interpol.png, id=147, 1644.1425pt x 837.127
5pt>
File: images/implementation/sol_heat_eqn_interpol.png Graphic file (type png)
 <use images/implementation/sol_heat_eqn_interpol.png>
Package pdftex.def Info: images/implementation/sol_heat_eqn_interpol.png used o
n input line 211.
(pdftex.def)             Requested size: 411.03462pt x 209.28136pt.
 [37] [38 <./images/implementation/sol_heat_eqn_interpol.png (PNG copy)>]
<images/implementation/contour_plot_1_blk_size1by1.png, id=154, 1383.1675pt x 1
194.4625pt>
File: images/implementation/contour_plot_1_blk_size1by1.png Graphic file (type 
png)
 <use images/implementation/contour_plot_1_blk_size1by1.png>
Package pdftex.def Info: images/implementation/contour_plot_1_blk_size1by1.png 
used on input line 269.
(pdftex.def)             Requested size: 407.66833pt x 352.03531pt.

<images/implementation/contour_plot_1_blk_size3by4.png, id=155, 1387.1825pt x 1
198.4775pt>
File: images/implementation/contour_plot_1_blk_size3by4.png Graphic file (type 
png)
 <use images/implementation/contour_plot_1_blk_size3by4.png>
Package pdftex.def Info: images/implementation/contour_plot_1_blk_size3by4.png 
used on input line 279.
(pdftex.def)             Requested size: 407.66833pt x 352.21283pt.

<images/implementation/contour_plot_1_lineSm.png, id=156, 1284.8pt x 1076.02pt>
File: images/implementation/contour_plot_1_lineSm.png Graphic file (type png)
<use images/implementation/contour_plot_1_lineSm.png>
Package pdftex.def Info: images/implementation/contour_plot_1_lineSm.png used o
n input line 327.
(pdftex.def)             Requested size: 359.74155pt x 301.28355pt.
 [39] [40 <./images/implementation/contour_plot_1_blk_size1by1.png (PNG copy)>]
 [41 <./images/implementation/contour_plot_1_blk_size3by4.png (PNG copy)>] [42 
<./images/implementation/contour_plot_1_lineSm.png (PNG copy)>]
Package epstopdf Info: Source file: <images/implementation/poisson/residual_nor
m_mg.eps>
(epstopdf)                    date: 2019-01-26 09:21:25
(epstopdf)                    size: 56630 bytes
(epstopdf)             Output file: <images/implementation/poisson/residual_nor
m_mg-eps-converted-to.pdf>
(epstopdf)                    date: 2019-01-26 09:24:36
(epstopdf)                    size: 26955 bytes
(epstopdf)             Command: <repstopdf --outfile=images/implementation/pois
son/residual_norm_mg-eps-converted-to.pdf images/implementation/poisson/residua
l_norm_mg.eps>
(epstopdf)             \includegraphics on input line 377.
Package epstopdf Info: Output file is already uptodate.

<images/implementation/poisson/residual_norm_mg-eps-converted-to.pdf, id=170, 5
62.1pt x 421.575pt>
File: images/implementation/poisson/residual_norm_mg-eps-converted-to.pdf Graph
ic file (type pdf)

<use images/implementation/poisson/residual_norm_mg-eps-converted-to.pdf>
Package pdftex.def Info: images/implementation/poisson/residual_norm_mg-eps-con
verted-to.pdf used on input line 377.
(pdftex.def)             Requested size: 203.83417pt x 152.8733pt.
Package epstopdf Info: Source file: <images/implementation/poisson/convergence_
rate_mg.eps>
(epstopdf)                    date: 2019-01-25 16:07:06
(epstopdf)                    size: 58362 bytes
(epstopdf)             Output file: <images/implementation/poisson/convergence_
rate_mg-eps-converted-to.pdf>
(epstopdf)                    date: 2019-01-25 16:10:17
(epstopdf)                    size: 28418 bytes
(epstopdf)             Command: <repstopdf --outfile=images/implementation/pois
son/convergence_rate_mg-eps-converted-to.pdf images/implementation/poisson/conv
ergence_rate_mg.eps>
(epstopdf)             \includegraphics on input line 378.
Package epstopdf Info: Output file is already uptodate.

<images/implementation/poisson/convergence_rate_mg-eps-converted-to.pdf, id=171
, 562.1pt x 421.575pt>
File: images/implementation/poisson/convergence_rate_mg-eps-converted-to.pdf Gr
aphic file (type pdf)

<use images/implementation/poisson/convergence_rate_mg-eps-converted-to.pdf>
Package pdftex.def Info: images/implementation/poisson/convergence_rate_mg-eps-
converted-to.pdf used on input line 378.
(pdftex.def)             Requested size: 203.83417pt x 152.8733pt.


LaTeX Warning: `!h' float specifier changed to `!ht'.

[43

]
Package epstopdf Info: Source file: <images/implementation/multigrid_scaling/no
rm_res_scaling_mg.eps>
(epstopdf)                    date: 2019-01-25 16:18:17
(epstopdf)                    size: 87795 bytes
(epstopdf)             Output file: <images/implementation/multigrid_scaling/no
rm_res_scaling_mg-eps-converted-to.pdf>
(epstopdf)                    date: 2019-01-25 16:22:01
(epstopdf)                    size: 37236 bytes
(epstopdf)             Command: <repstopdf --outfile=images/implementation/mult
igrid_scaling/norm_res_scaling_mg-eps-converted-to.pdf images/implementation/mu
ltigrid_scaling/norm_res_scaling_mg.eps>
(epstopdf)             \includegraphics on input line 402.
Package epstopdf Info: Output file is already uptodate.

<images/implementation/multigrid_scaling/norm_res_scaling_mg-eps-converted-to.p
df, id=175, 562.1pt x 421.575pt>
File: images/implementation/multigrid_scaling/norm_res_scaling_mg-eps-converted
-to.pdf Graphic file (type pdf)

<use images/implementation/multigrid_scaling/norm_res_scaling_mg-eps-converted-
to.pdf>
Package pdftex.def Info: images/implementation/multigrid_scaling/norm_res_scali
ng_mg-eps-converted-to.pdf used on input line 402.
(pdftex.def)             Requested size: 224.83601pt x 168.627pt.
Package epstopdf Info: Source file: <images/implementation/multigrid_scaling/co
nvergence_rate_scaling_mg.eps>
(epstopdf)                    date: 2019-01-25 16:23:01
(epstopdf)                    size: 74568 bytes
(epstopdf)             Output file: <images/implementation/multigrid_scaling/co
nvergence_rate_scaling_mg-eps-converted-to.pdf>
(epstopdf)                    date: 2019-01-25 16:23:05
(epstopdf)                    size: 37295 bytes
(epstopdf)             Command: <repstopdf --outfile=images/implementation/mult
igrid_scaling/convergence_rate_scaling_mg-eps-converted-to.pdf images/implement
ation/multigrid_scaling/convergence_rate_scaling_mg.eps>
(epstopdf)             \includegraphics on input line 403.
Package epstopdf Info: Output file is already uptodate.

<images/implementation/multigrid_scaling/convergence_rate_scaling_mg-eps-conver
ted-to.pdf, id=176, 562.1pt x 421.575pt>
File: images/implementation/multigrid_scaling/convergence_rate_scaling_mg-eps-c
onverted-to.pdf Graphic file (type pdf)

<use images/implementation/multigrid_scaling/convergence_rate_scaling_mg-eps-co
nverted-to.pdf>
Package pdftex.def Info: images/implementation/multigrid_scaling/convergence_ra
te_scaling_mg-eps-converted-to.pdf used on input line 403.
(pdftex.def)             Requested size: 224.83601pt x 168.627pt.
Package epstopdf Info: Source file: <images/implementation/multigrid_scaling/no
rm_res_scaling_mg_line_smoother.eps>
(epstopdf)                    date: 2019-01-26 15:51:55
(epstopdf)                    size: 84616 bytes
(epstopdf)             Output file: <images/implementation/multigrid_scaling/no
rm_res_scaling_mg_line_smoother-eps-converted-to.pdf>
(epstopdf)                    date: 2019-01-26 15:53:19
(epstopdf)                    size: 35338 bytes
(epstopdf)             Command: <repstopdf --outfile=images/implementation/mult
igrid_scaling/norm_res_scaling_mg_line_smoother-eps-converted-to.pdf images/imp
lementation/multigrid_scaling/norm_res_scaling_mg_line_smoother.eps>
(epstopdf)             \includegraphics on input line 410.
Package epstopdf Info: Output file is already uptodate.

<images/implementation/multigrid_scaling/norm_res_scaling_mg_line_smoother-eps-
converted-to.pdf, id=177, 562.1pt x 421.575pt>
File: images/implementation/multigrid_scaling/norm_res_scaling_mg_line_smoother
-eps-converted-to.pdf Graphic file (type pdf)

<use images/implementation/multigrid_scaling/norm_res_scaling_mg_line_smoother-
eps-converted-to.pdf>
Package pdftex.def Info: images/implementation/multigrid_scaling/norm_res_scali
ng_mg_line_smoother-eps-converted-to.pdf used on input line 410.
(pdftex.def)             Requested size: 224.83601pt x 168.627pt.
Package epstopdf Info: Source file: <images/implementation/multigrid_scaling/co
nvergence_rate_scaling_mg_line_smoother.eps>
(epstopdf)                    date: 2019-01-26 15:51:32
(epstopdf)                    size: 71657 bytes
(epstopdf)             Output file: <images/implementation/multigrid_scaling/co
nvergence_rate_scaling_mg_line_smoother-eps-converted-to.pdf>
(epstopdf)                    date: 2019-01-26 15:53:20
(epstopdf)                    size: 35920 bytes
(epstopdf)             Command: <repstopdf --outfile=images/implementation/mult
igrid_scaling/convergence_rate_scaling_mg_line_smoother-eps-converted-to.pdf im
ages/implementation/multigrid_scaling/convergence_rate_scaling_mg_line_smoother
.eps>
(epstopdf)             \includegraphics on input line 411.
Package epstopdf Info: Output file is already uptodate.

<images/implementation/multigrid_scaling/convergence_rate_scaling_mg_line_smoot
her-eps-converted-to.pdf, id=178, 562.1pt x 421.575pt>
File: images/implementation/multigrid_scaling/convergence_rate_scaling_mg_line_
smoother-eps-converted-to.pdf Graphic file (type pdf)

<use images/implementation/multigrid_scaling/convergence_rate_scaling_mg_line_s
moother-eps-converted-to.pdf>
Package pdftex.def Info: images/implementation/multigrid_scaling/convergence_ra
te_scaling_mg_line_smoother-eps-converted-to.pdf used on input line 411.
(pdftex.def)             Requested size: 224.83601pt x 168.627pt.


LaTeX Warning: `!h' float specifier changed to `!ht'.

[44 <./images/implementation/poisson/residual_norm_mg-eps-converted-to.pdf> <./
images/implementation/poisson/convergence_rate_mg-eps-converted-to.pdf> <./imag
es/implementation/multigrid_scaling/norm_res_scaling_mg-eps-converted-to.pdf> <
./images/implementation/multigrid_scaling/convergence_rate_scaling_mg-eps-conve
rted-to.pdf>]

LaTeX Warning: No positions in optional float specifier.
               Default added (so using `tbp') on input line 425.

[45 <./images/implementation/multigrid_scaling/norm_res_scaling_mg_line_smoothe
r-eps-converted-to.pdf> <./images/implementation/multigrid_scaling/convergence_
rate_scaling_mg_line_smoother-eps-converted-to.pdf>] [46]
<images/implementation/c2_comparison/res_norm.png, id=219, 562.0197pt x 421.575
pt>
File: images/implementation/c2_comparison/res_norm.png Graphic file (type png)
 <use images/implementation/c2_comparison/res_norm.png>
Package pdftex.def Info: images/implementation/c2_comparison/res_norm.png used 
on input line 482.
(pdftex.def)             Requested size: 224.8039pt x 168.627pt.

<images/implementation/c2_comparison/conv_rate.png, id=220, 562.0197pt x 421.57
5pt>
File: images/implementation/c2_comparison/conv_rate.png Graphic file (type png)

 <use images/implementation/c2_comparison/conv_rate.png>
Package pdftex.def Info: images/implementation/c2_comparison/conv_rate.png used
 on input line 483.
(pdftex.def)             Requested size: 224.8039pt x 168.627pt.
 [47 <./images/implementation/c2_comparison/res_norm.png (PNG copy)> <./images/
implementation/c2_comparison/conv_rate.png (PNG copy)>]
Package epstopdf Info: Source file: <images/implementation/eigenvalues/some_eig
envalues_logy.eps>
(epstopdf)                    date: 2019-01-25 10:32:15
(epstopdf)                    size: 257388 bytes
(epstopdf)             Output file: <images/implementation/eigenvalues/some_eig
envalues_logy-eps-converted-to.pdf>
(epstopdf)                    date: 2019-01-25 10:34:00
(epstopdf)                    size: 216755 bytes
(epstopdf)             Command: <repstopdf --outfile=images/implementation/eige
nvalues/some_eigenvalues_logy-eps-converted-to.pdf images/implementation/eigenv
alues/some_eigenvalues_logy.eps>
(epstopdf)             \includegraphics on input line 546.
Package epstopdf Info: Output file is already uptodate.

<images/implementation/eigenvalues/some_eigenvalues_logy-eps-converted-to.pdf, 
id=225, 562.1pt x 421.575pt>
File: images/implementation/eigenvalues/some_eigenvalues_logy-eps-converted-to.
pdf Graphic file (type pdf)

<use images/implementation/eigenvalues/some_eigenvalues_logy-eps-converted-to.p
df>
Package pdftex.def Info: images/implementation/eigenvalues/some_eigenvalues_log
y-eps-converted-to.pdf used on input line 546.
(pdftex.def)             Requested size: 224.83601pt x 168.627pt.
Package epstopdf Info: Source file: <images/implementation/eigenvalues/plot_eig
envalues_iter_mat_block_Jac_tc.eps>
(epstopdf)                    date: 2019-01-25 10:29:28
(epstopdf)                    size: 255396 bytes
(epstopdf)             Output file: <images/implementation/eigenvalues/plot_eig
envalues_iter_mat_block_Jac_tc-eps-converted-to.pdf>
(epstopdf)                    date: 2019-01-25 10:34:49
(epstopdf)                    size: 217697 bytes
(epstopdf)             Command: <repstopdf --outfile=images/implementation/eige
nvalues/plot_eigenvalues_iter_mat_block_Jac_tc-eps-converted-to.pdf images/impl
ementation/eigenvalues/plot_eigenvalues_iter_mat_block_Jac_tc.eps>
(epstopdf)             \includegraphics on input line 547.
Package epstopdf Info: Output file is already uptodate.

<images/implementation/eigenvalues/plot_eigenvalues_iter_mat_block_Jac_tc-eps-c
onverted-to.pdf, id=226, 562.1pt x 421.575pt>
File: images/implementation/eigenvalues/plot_eigenvalues_iter_mat_block_Jac_tc-
eps-converted-to.pdf Graphic file (type pdf)

<use images/implementation/eigenvalues/plot_eigenvalues_iter_mat_block_Jac_tc-e
ps-converted-to.pdf>
Package pdftex.def Info: images/implementation/eigenvalues/plot_eigenvalues_ite
r_mat_block_Jac_tc-eps-converted-to.pdf used on input line 547.
(pdftex.def)             Requested size: 224.83601pt x 168.627pt.
Package epstopdf Info: Source file: <images/implementation/eigenvalues/plot_eig
envalues_iter_mat_block_Jac_tc_c2_100.eps>
(epstopdf)                    date: 2019-01-26 09:40:51
(epstopdf)                    size: 142030 bytes
(epstopdf)             Output file: <images/implementation/eigenvalues/plot_eig
envalues_iter_mat_block_Jac_tc_c2_100-eps-converted-to.pdf>
(epstopdf)                    date: 2019-01-26 09:45:24
(epstopdf)                    size: 118607 bytes
(epstopdf)             Command: <repstopdf --outfile=images/implementation/eige
nvalues/plot_eigenvalues_iter_mat_block_Jac_tc_c2_100-eps-converted-to.pdf imag
es/implementation/eigenvalues/plot_eigenvalues_iter_mat_block_Jac_tc_c2_100.eps
>
(epstopdf)             \includegraphics on input line 555.
Package epstopdf Info: Output file is already uptodate.

<images/implementation/eigenvalues/plot_eigenvalues_iter_mat_block_Jac_tc_c2_10
0-eps-converted-to.pdf, id=227, 562.1pt x 421.575pt>
File: images/implementation/eigenvalues/plot_eigenvalues_iter_mat_block_Jac_tc_
c2_100-eps-converted-to.pdf Graphic file (type pdf)

<use images/implementation/eigenvalues/plot_eigenvalues_iter_mat_block_Jac_tc_c
2_100-eps-converted-to.pdf>
Package pdftex.def Info: images/implementation/eigenvalues/plot_eigenvalues_ite
r_mat_block_Jac_tc_c2_100-eps-converted-to.pdf used on input line 555.
(pdftex.def)             Requested size: 224.83601pt x 168.627pt.
 [48 <./images/implementation/eigenvalues/some_eigenvalues_logy-eps-converted-t
o.pdf> <./images/implementation/eigenvalues/plot_eigenvalues_iter_mat_block_Jac
_tc-eps-converted-to.pdf>]
Package epstopdf Info: Source file: <images/implementation/eigenvalues/coeff_le
ft_init_error_right_error_1_it.eps>
(epstopdf)                    date: 2019-01-26 15:33:56
(epstopdf)                    size: 156680 bytes
(epstopdf)             Output file: <images/implementation/eigenvalues/coeff_le
ft_init_error_right_error_1_it-eps-converted-to.pdf>
(epstopdf)                    date: 2019-01-26 15:37:18
(epstopdf)                    size: 59595 bytes
(epstopdf)             Command: <repstopdf --outfile=images/implementation/eige
nvalues/coeff_left_init_error_right_error_1_it-eps-converted-to.pdf images/impl
ementation/eigenvalues/coeff_left_init_error_right_error_1_it.eps>
(epstopdf)             \includegraphics on input line 563.
Package epstopdf Info: Output file is already uptodate.

<images/implementation/eigenvalues/coeff_left_init_error_right_error_1_it-eps-c
onverted-to.pdf, id=241, 810.02625pt x 380.42125pt>
File: images/implementation/eigenvalues/coeff_left_init_error_right_error_1_it-
eps-converted-to.pdf Graphic file (type pdf)

<use images/implementation/eigenvalues/coeff_left_init_error_right_error_1_it-e
ps-converted-to.pdf>
Package pdftex.def Info: images/implementation/eigenvalues/coeff_left_init_erro
r_right_error_1_it-eps-converted-to.pdf used on input line 563.
(pdftex.def)             Requested size: 407.66833pt x 191.45816pt.
Package epstopdf Info: Source file: <images/implementation/eigenvalues/coeff_er
ror_after_50_it.eps>
(epstopdf)                    date: 2019-01-26 15:29:33
(epstopdf)                    size: 84015 bytes
(epstopdf)             Output file: <images/implementation/eigenvalues/coeff_er
ror_after_50_it-eps-converted-to.pdf>
(epstopdf)                    date: 2019-01-26 21:16:55
(epstopdf)                    size: 31554 bytes
(epstopdf)             Command: <repstopdf --outfile=images/implementation/eige
nvalues/coeff_error_after_50_it-eps-converted-to.pdf images/implementation/eige
nvalues/coeff_error_after_50_it.eps>
(epstopdf)             \includegraphics on input line 571.
Package epstopdf Info: Output file is already uptodate.

<images/implementation/eigenvalues/coeff_error_after_50_it-eps-converted-to.pdf
, id=242, 575.14874pt x 421.575pt>
File: images/implementation/eigenvalues/coeff_error_after_50_it-eps-converted-t
o.pdf Graphic file (type pdf)

<use images/implementation/eigenvalues/coeff_error_after_50_it-eps-converted-to
.pdf>
Package pdftex.def Info: images/implementation/eigenvalues/coeff_error_after_50
_it-eps-converted-to.pdf used on input line 571.
(pdftex.def)             Requested size: 230.05542pt x 168.627pt.
Package epstopdf Info: Source file: <images/implementation/eigenvalues/eig_val_
coeff_left_c_sm_right_c_cgc_50_it.eps>
(epstopdf)                    date: 2019-01-26 15:28:35
(epstopdf)                    size: 160487 bytes
(epstopdf)             Output file: <images/implementation/eigenvalues/eig_val_
coeff_left_c_sm_right_c_cgc_50_it-eps-converted-to.pdf>
(epstopdf)                    date: 2019-01-26 21:14:16
(epstopdf)                    size: 63152 bytes
(epstopdf)             Command: <repstopdf --outfile=images/implementation/eige
nvalues/eig_val_coeff_left_c_sm_right_c_cgc_50_it-eps-converted-to.pdf images/i
mplementation/eigenvalues/eig_val_coeff_left_c_sm_right_c_cgc_50_it.eps>
(epstopdf)             \includegraphics on input line 578.
Package epstopdf Info: Output file is already uptodate.

<images/implementation/eigenvalues/eig_val_coeff_left_c_sm_right_c_cgc_50_it-ep
s-converted-to.pdf, id=243, 821.0675pt x 388.45125pt>
File: images/implementation/eigenvalues/eig_val_coeff_left_c_sm_right_c_cgc_50_
it-eps-converted-to.pdf Graphic file (type pdf)

<use images/implementation/eigenvalues/eig_val_coeff_left_c_sm_right_c_cgc_50_i
t-eps-converted-to.pdf>
Package pdftex.def Info: images/implementation/eigenvalues/eig_val_coeff_left_c
_sm_right_c_cgc_50_it-eps-converted-to.pdf used on input line 578.
(pdftex.def)             Requested size: 407.66833pt x 192.86778pt.

Underfull \vbox (badness 1533) has occurred while \output is active []

 [49 <./images/implementation/eigenvalues/plot_eigenvalues_iter_mat_block_Jac_t
c_c2_100-eps-converted-to.pdf>] [50 <./images/implementation/eigenvalues/coeff_
left_init_error_right_error_1_it-eps-converted-to.pdf> <./images/implementation
/eigenvalues/coeff_error_after_50_it-eps-converted-to.pdf>]

LaTeX Warning: Reference `fig:scaling_mg' on page 51 undefined on input line 60
7.


Underfull \vbox (badness 10000) has occurred while \output is active []

 [51 <./images/implementation/eigenvalues/eig_val_coeff_left_c_sm_right_c_cgc_5
0_it-eps-converted-to.pdf>]
<images/implementation/sol_d0_001_1by20_20by40elem.png, id=273, 562.0197pt x 48
3.7272pt>
File: images/implementation/sol_d0_001_1by20_20by40elem.png Graphic file (type 
png)
 <use images/implementation/sol_d0_001_1by20_20by40elem.png>
Package pdftex.def Info: images/implementation/sol_d0_001_1by20_20by40elem.png 
used on input line 627.
(pdftex.def)             Requested size: 224.8039pt x 193.48744pt.

<images/implementation/sol_d0_003_1by20_20by40elem.png, id=274, 562.0197pt x 48
1.8pt>
File: images/implementation/sol_d0_003_1by20_20by40elem.png Graphic file (type 
png)
 <use images/implementation/sol_d0_003_1by20_20by40elem.png>
Package pdftex.def Info: images/implementation/sol_d0_003_1by20_20by40elem.png 
used on input line 628.
(pdftex.def)             Requested size: 224.8039pt x 192.71658pt.
 [52 <./images/implementation/sol_d0_001_1by20_20by40elem.png (PNG copy)> <./im
ages/implementation/sol_d0_003_1by20_20by40elem.png (PNG copy)>]

LaTeX Warning: `!h' float specifier changed to `!ht'.


Underfull \hbox (badness 10000) in paragraph at lines 736--738

 []

[53]
Underfull \hbox (badness 10000) in paragraph at lines 796--799

 []

[54]
<images/implementation/lin_hessian/subsets_on_sol.png, id=285, 562.0197pt x 449
.7603pt>
File: images/implementation/lin_hessian/subsets_on_sol.png Graphic file (type p
ng)
 <use images/implementation/lin_hessian/subsets_on_sol.png>
Package pdftex.def Info: images/implementation/lin_hessian/subsets_on_sol.png u
sed on input line 814.
(pdftex.def)             Requested size: 224.8039pt x 179.90092pt.

<images/implementation/lin_hessian/res_norm.png, id=286, 562.0197pt x 421.575pt
>
File: images/implementation/lin_hessian/res_norm.png Graphic file (type png)
 <use images/implementation/lin_hessian/res_norm.png>
Package pdftex.def Info: images/implementation/lin_hessian/res_norm.png used on
 input line 815.
(pdftex.def)             Requested size: 224.8039pt x 168.627pt.
)
(./chapters/conclusions.tex [55 <./images/implementation/lin_hessian/subsets_on
_sol.png (PNG copy)> <./images/implementation/lin_hessian/res_norm.png (PNG cop
y)>]
Chapter 7.
[56

]) (./chapters/epilogue.tex [57]
Chapter 8.
) (./chapters/appendix.tex [58

]
Appendix A.
[59

]
Overfull \hbox (43.58923pt too wide) detected at line 90
$[][]$  
 []


Overfull \hbox (6.10196pt too wide) detected at line 96
$[][]$  
 []

[60]) (./draft_1.bbl [61] [62

]
Missing character: There is no  in font cmr10!
Missing character: There is no  in font cmr10!
Missing character: There is no  in font cmr10!
Missing character: There is no  in font cmr10!
) [63] (./draft_1.aux)

LaTeX Warning: There were undefined references.


LaTeX Warning: There were multiply-defined labels.

 ) 
Here is how much of TeX's memory you used:
 16176 strings out of 494108
 345723 string characters out of 6155655
 509707 words of memory out of 5000000
 19115 multiletter control sequences out of 15000+600000
 13232 words of font info for 49 fonts, out of 8000000 for 9000
 430 hyphenation exceptions out of 8191
 55i,16n,76p,2495b,741s stack positions out of 5000i,500n,10000p,200000b,80000s
</opt/local/share/texmf-texlive/fonts/type1/public/amsfonts/cm/cmbx10.pfb></o
pt/local/share/texmf-texlive/fonts/type1/public/amsfonts/cm/cmbx12.pfb></opt/lo
cal/share/texmf-texlive/fonts/type1/public/amsfonts/cm/cmex10.pfb></opt/local/s
hare/texmf-texlive/fonts/type1/public/amsfonts/cm/cmmi10.pfb></opt/local/share/
texmf-texlive/fonts/type1/public/amsfonts/cm/cmmi6.pfb></opt/local/share/texmf-
texlive/fonts/type1/public/amsfonts/cm/cmmi8.pfb></opt/local/share/texmf-texliv
e/fonts/type1/public/amsfonts/cm/cmr10.pfb></opt/local/share/texmf-texlive/font
s/type1/public/amsfonts/cm/cmr12.pfb></opt/local/share/texmf-texlive/fonts/type
1/public/amsfonts/cm/cmr6.pfb></opt/local/share/texmf-texlive/fonts/type1/publi
c/amsfonts/cm/cmr8.pfb></opt/local/share/texmf-texlive/fonts/type1/public/amsfo
nts/cm/cmsy10.pfb></opt/local/share/texmf-texlive/fonts/type1/public/amsfonts/c
m/cmsy6.pfb></opt/local/share/texmf-texlive/fonts/type1/public/amsfonts/cm/cmsy
8.pfb></opt/local/share/texmf-texlive/fonts/type1/public/amsfonts/cm/cmti10.pfb
></opt/local/share/texmf-texlive/fonts/type1/public/amsfonts/symbols/msbm10.pfb
>
Output written on draft_1.pdf (65 pages, 4785345 bytes).
PDF statistics:
 366 PDF objects out of 1000 (max. 8388607)
 242 compressed objects within 3 object streams
 0 named destinations out of 1000 (max. 500000)
 138 words of extra memory for PDF output out of 10000 (max. 10000000)

